# JRE version: Java(TM) SE Runtime Environment 18.9 (11.0.16+11) (build 11.0.16+11-LTS-199)
# Java VM: Java HotSpot(TM) 64-Bit Server VM 18.9 (11.0.16+11-LTS-199, mixed mode, tiered, compressed oops, g1 gc, windows-amd64)
Heap:
 garbage-first heap   total 138240K, used 72431K [0x00000000c1c00000, 0x0000000100000000)
  region size 1024K, 22 young (22528K), 1 survivors (1024K)
 Metaspace       used 91685K, capacity 93992K, committed 94164K, reserved 1130496K
  class space    used 11862K, capacity 12754K, committed 12876K, reserved 1048576K
GC Heap History (10 events):
Event: 11.611 GC heap before
{Heap before GC invocations=29 (full 0):
 garbage-first heap   total 114688K, used 89572K [0x00000000c1c00000, 0x0000000100000000)
  region size 1024K, 36 young (36864K), 2 survivors (2048K)
 Metaspace       used 85326K, capacity 87374K, committed 87636K, reserved 1124352K
  class space    used 11062K, capacity 11867K, committed 11980K, reserved 1048576K
}
Event: 11.615 GC heap after
{Heap after GC invocations=30 (full 0):
 garbage-first heap   total 114688K, used 54936K [0x00000000c1c00000, 0x0000000100000000)
  region size 1024K, 2 young (2048K), 2 survivors (2048K)
 Metaspace       used 85326K, capacity 87374K, committed 87636K, reserved 1124352K
  class space    used 11062K, capacity 11867K, committed 11980K, reserved 1048576K
}
Event: 11.752 GC heap before
{Heap before GC invocations=31 (full 0):
 garbage-first heap   total 114688K, used 91800K [0x00000000c1c00000, 0x0000000100000000)
  region size 1024K, 37 young (37888K), 2 survivors (2048K)
 Metaspace       used 85440K, capacity 87502K, committed 87636K, reserved 1124352K
  class space    used 11119K, capacity 11931K, committed 11980K, reserved 1048576K
}
Event: 11.762 GC heap after
{Heap after GC invocations=32 (full 0):
 garbage-first heap   total 114688K, used 60576K [0x00000000c1c00000, 0x0000000100000000)
  region size 1024K, 5 young (5120K), 5 survivors (5120K)
 Metaspace       used 85440K, capacity 87502K, committed 87636K, reserved 1124352K
  class space    used 11119K, capacity 11931K, committed 11980K, reserved 1048576K
}
Event: 12.052 GC heap before
{Heap before GC invocations=32 (full 0):
 garbage-first heap   total 114688K, used 90272K [0x00000000c1c00000, 0x0000000100000000)
  region size 1024K, 34 young (34816K), 5 survivors (5120K)
 Metaspace       used 87275K, capacity 89430K, committed 89684K, reserved 1126400K
  class space    used 11321K, capacity 12137K, committed 12236K, reserved 1048576K
}
Event: 12.058 GC heap after
{Heap after GC invocations=33 (full 0):
 garbage-first heap   total 138240K, used 58691K [0x00000000c1c00000, 0x0000000100000000)
  region size 1024K, 2 young (2048K), 2 survivors (2048K)
 Metaspace       used 87275K, capacity 89430K, committed 89684K, reserved 1126400K
  class space    used 11321K, capacity 12137K, committed 12236K, reserved 1048576K
}
Event: 12.567 GC heap before
{Heap before GC invocations=34 (full 0):
 garbage-first heap   total 138240K, used 102723K [0x00000000c1c00000, 0x0000000100000000)
  region size 1024K, 45 young (46080K), 2 survivors (2048K)
 Metaspace       used 90368K, capacity 92640K, committed 92884K, reserved 1130496K
  class space    used 11710K, capacity 12583K, committed 12620K, reserved 1048576K
}
Event: 12.575 GC heap after
{Heap after GC invocations=35 (full 0):
 garbage-first heap   total 138240K, used 60049K [0x00000000c1c00000, 0x0000000100000000)
  region size 1024K, 3 young (3072K), 3 survivors (3072K)
 Metaspace       used 90368K, capacity 92640K, committed 92884K, reserved 1130496K
  class space    used 11710K, capacity 12583K, committed 12620K, reserved 1048576K
}
Event: 12.596 GC heap before
{Heap before GC invocations=35 (full 0):
 garbage-first heap   total 138240K, used 63121K [0x00000000c1c00000, 0x0000000100000000)
  region size 1024K, 6 young (6144K), 3 survivors (3072K)
 Metaspace       used 90423K, capacity 92710K, committed 92884K, reserved 1130496K
  class space    used 11713K, capacity 12584K, committed 12620K, reserved 1048576K
}
Event: 12.602 GC heap after
{Heap after GC invocations=36 (full 0):
 garbage-first heap   total 138240K, used 51951K [0x00000000c1c00000, 0x0000000100000000)
  region size 1024K, 1 young (1024K), 1 survivors (1024K)
 Metaspace       used 90423K, capacity 92710K, committed 92884K, reserved 1130496K
  class space    used 11713K, capacity 12584K, committed 12620K, reserved 1048576K
}

